Determining if the pthread_create exist failed with the following output:
Change Dir: /root/onion-monero-blockchain-explorer/build_test/CMakeFiles/CMakeTmp

Run Build Command:"/usr/bin/make" "cmTC_eeb3d/fast"
/usr/bin/make -f CMakeFiles/cmTC_eeb3d.dir/build.make CMakeFiles/cmTC_eeb3d.dir/build
make[1]: Entering directory '/root/onion-monero-blockchain-explorer/build_test/CMakeFiles/CMakeTmp'
Building C object CMakeFiles/cmTC_eeb3d.dir/CheckSymbolExists.c.o
/usr/bin/cc     -o CMakeFiles/cmTC_eeb3d.dir/CheckSymbolExists.c.o   -c /root/onion-monero-blockchain-explorer/build_test/CMakeFiles/CMakeTmp/CheckSymbolExists.c
Linking C executable cmTC_eeb3d
/usr/bin/cmake -E cmake_link_script CMakeFiles/cmTC_eeb3d.dir/link.txt --verbose=1
/usr/bin/cc       CMakeFiles/cmTC_eeb3d.dir/CheckSymbolExists.c.o  -o cmTC_eeb3d -rdynamic 
CMakeFiles/cmTC_eeb3d.dir/CheckSymbolExists.c.o: In function `main':
CheckSymbolExists.c:(.text+0x16): undefined reference to `pthread_create'
collect2: error: ld returned 1 exit status
CMakeFiles/cmTC_eeb3d.dir/build.make:97: recipe for target 'cmTC_eeb3d' failed
make[1]: *** [cmTC_eeb3d] Error 1
make[1]: Leaving directory '/root/onion-monero-blockchain-explorer/build_test/CMakeFiles/CMakeTmp'
Makefile:126: recipe for target 'cmTC_eeb3d/fast' failed
make: *** [cmTC_eeb3d/fast] Error 2

File /root/onion-monero-blockchain-explorer/build_test/CMakeFiles/CMakeTmp/CheckSymbolExists.c:
/* */
#include <pthread.h>

int main(int argc, char** argv)
{
  (void)argv;
#ifndef pthread_create
  return ((int*)(&pthread_create))[argc];
#else
  (void)argc;
  return 0;
#endif
}

Determining if the function pthread_create exists in the pthreads failed with the following output:
Change Dir: /root/onion-monero-blockchain-explorer/build_test/CMakeFiles/CMakeTmp

Run Build Command:"/usr/bin/make" "cmTC_6a0fb/fast"
/usr/bin/make -f CMakeFiles/cmTC_6a0fb.dir/build.make CMakeFiles/cmTC_6a0fb.dir/build
make[1]: Entering directory '/root/onion-monero-blockchain-explorer/build_test/CMakeFiles/CMakeTmp'
Building C object CMakeFiles/cmTC_6a0fb.dir/CheckFunctionExists.c.o
/usr/bin/cc    -DCHECK_FUNCTION_EXISTS=pthread_create   -o CMakeFiles/cmTC_6a0fb.dir/CheckFunctionExists.c.o   -c /usr/share/cmake-3.5/Modules/CheckFunctionExists.c
Linking C executable cmTC_6a0fb
/usr/bin/cmake -E cmake_link_script CMakeFiles/cmTC_6a0fb.dir/link.txt --verbose=1
/usr/bin/cc   -DCHECK_FUNCTION_EXISTS=pthread_create    CMakeFiles/cmTC_6a0fb.dir/CheckFunctionExists.c.o  -o cmTC_6a0fb -rdynamic -lpthreads 
/usr/bin/ld: cannot find -lpthreads
collect2: error: ld returned 1 exit status
CMakeFiles/cmTC_6a0fb.dir/build.make:97: recipe for target 'cmTC_6a0fb' failed
make[1]: *** [cmTC_6a0fb] Error 1
make[1]: Leaving directory '/root/onion-monero-blockchain-explorer/build_test/CMakeFiles/CMakeTmp'
Makefile:126: recipe for target 'cmTC_6a0fb/fast' failed
make: *** [cmTC_6a0fb/fast] Error 2


